[16:34:49] [Server thread/INFO]: Starting minecraft server version 1.9.4
[16:34:49] [Server thread/INFO]: Loading properties
[16:34:49] [Server thread/INFO]: Default game type: SURVIVAL
[16:34:49] [Server thread/INFO]: This server is running Paper version git-Paper-775 (MC: 1.9.4) (Implementing API version 1.9.4-R0.1-SNAPSHOT)
[16:34:49] [Server thread/INFO]: Server Ping Player Sample Count: 12
[16:34:49] [Server thread/INFO]: Using 4 threads for Netty based IO
[16:34:49] [Server thread/INFO]: Debug logging is disabled
[16:34:49] [Server thread/INFO]: Spigot Timings: true - Verbose: true - Interval: 5m - Length: 60m
[16:34:49] [Server thread/INFO]: Generating keypair
[16:34:49] [Server thread/INFO]: Starting Minecraft server on *:25565
[16:34:49] [Server thread/INFO]: Using default channel type
[16:34:49] [Server thread/INFO]: Set PluginClassLoader as parallel capable
[16:34:49] [Server thread/INFO]: [ViaVersion] Loading ViaVersion v4.7.0
[16:34:49] [Server thread/INFO]: [ViaVersion] ViaVersion 4.7.0 is now loaded. Registering protocol transformers and injecting...
[16:34:49] [Via-Mappingloader-0/INFO]: [ViaVersion] Loading block connection mappings ...
[16:34:50] [Server thread/INFO]: [ViaBackwards] Loading translations...
[16:34:50] [Server thread/INFO]: [ViaBackwards] Registering protocols...
[16:34:50] [Via-Mappingloader-0/INFO]: [ViaVersion] Using FastUtil Long2ObjectOpenHashMap for block connections
[16:34:50] [Server thread/INFO]: [Skript] Loading Skript v2.6.4
[16:34:50] [Server thread/INFO]: [ViaBackwards] Loading ViaBackwards v4.7.0
[16:34:50] [Server thread/INFO]: [ViaRewind] Loading ViaRewind v2.0.3
[16:34:50] [Server thread/INFO]: Server permissions file permissions.yml is empty, ignoring it
[16:34:50] [Server thread/INFO]: [ViaRewind] Enabling ViaRewind v2.0.3
[16:34:50] [Server thread/INFO]: **** Beginning UUID conversion, this may take A LONG time ****
[16:34:50] [Server thread/INFO]: Preparing level "world"
[16:34:50] [Server thread/INFO]: -------- World Settings For [world] --------
[16:34:50] [Server thread/INFO]: Experience Merge Radius: 3.0
[16:34:50] [Server thread/INFO]: Item Merge Radius: 2.5
[16:34:50] [Server thread/INFO]: Item Despawn Rate: 6000
[16:34:50] [Server thread/INFO]: Allow Zombie Pigmen to spawn from portal blocks: true
[16:34:50] [Server thread/INFO]: Arrow Despawn Rate: 1200
[16:34:50] [Server thread/INFO]: View Distance: 10
[16:34:50] [Server thread/INFO]: Zombie Aggressive Towards Villager: true
[16:34:50] [Server thread/INFO]: Nerfing mobs spawned from spawners: false
[16:34:50] [Server thread/INFO]: Cactus Growth Modifier: 100%
[16:34:50] [Server thread/INFO]: Cane Growth Modifier: 100%
[16:34:50] [Server thread/INFO]: Melon Growth Modifier: 100%
[16:34:50] [Server thread/INFO]: Mushroom Growth Modifier: 100%
[16:34:50] [Server thread/INFO]: Pumpkin Growth Modifier: 100%
[16:34:50] [Server thread/INFO]: Sapling Growth Modifier: 100%
[16:34:50] [Server thread/INFO]: Wheat Growth Modifier: 100%
[16:34:50] [Server thread/INFO]: NetherWart Growth Modifier: 100%
[16:34:50] [Server thread/INFO]: Entity Activation Range: An 32 / Mo 32 / Mi 16
[16:34:50] [Server thread/INFO]: Structure Info Saving: true
[16:34:50] [Server thread/INFO]: Tile Max Tick Time: 50ms Entity max Tick Time: 50ms
[16:34:50] [Server thread/INFO]: Random Lighting Updates: false
[16:34:50] [Server thread/INFO]: Hopper Transfer: 8 Hopper Check: 8 Hopper Amount: 1
[16:34:50] [Server thread/INFO]: Max TNT Explosions: 100
[16:34:50] [Server thread/INFO]: Entity Tracking Range: Pl 48 / An 48 / Mo 48 / Mi 32 / Other 64
[16:34:50] [Server thread/INFO]: Mob Spawn Range: 4
[16:34:50] [Server thread/INFO]: Custom Map Seeds:  Village: 10387312 Feature: 14357617
[16:34:50] [Server thread/INFO]: Max Entity Collisions: 8
[16:34:50] [Server thread/INFO]: -------- World Settings For [world_nether] --------
[16:34:50] [Server thread/INFO]: Experience Merge Radius: 3.0
[16:34:50] [Server thread/INFO]: Item Merge Radius: 2.5
[16:34:50] [Server thread/INFO]: Item Despawn Rate: 6000
[16:34:50] [Server thread/INFO]: Allow Zombie Pigmen to spawn from portal blocks: true
[16:34:50] [Server thread/INFO]: Arrow Despawn Rate: 1200
[16:34:50] [Server thread/INFO]: View Distance: 10
[16:34:50] [Server thread/INFO]: Zombie Aggressive Towards Villager: true
[16:34:50] [Server thread/INFO]: Nerfing mobs spawned from spawners: false
[16:34:50] [Server thread/INFO]: Cactus Growth Modifier: 100%
[16:34:50] [Server thread/INFO]: Cane Growth Modifier: 100%
[16:34:50] [Server thread/INFO]: Melon Growth Modifier: 100%
[16:34:50] [Server thread/INFO]: Mushroom Growth Modifier: 100%
[16:34:50] [Server thread/INFO]: Pumpkin Growth Modifier: 100%
[16:34:50] [Server thread/INFO]: Sapling Growth Modifier: 100%
[16:34:50] [Server thread/INFO]: Wheat Growth Modifier: 100%
[16:34:50] [Server thread/INFO]: NetherWart Growth Modifier: 100%
[16:34:50] [Server thread/INFO]: Entity Activation Range: An 32 / Mo 32 / Mi 16
[16:34:50] [Server thread/INFO]: Structure Info Saving: true
[16:34:50] [Server thread/INFO]: Tile Max Tick Time: 50ms Entity max Tick Time: 50ms
[16:34:50] [Server thread/INFO]: Random Lighting Updates: false
[16:34:50] [Server thread/INFO]: Hopper Transfer: 8 Hopper Check: 8 Hopper Amount: 1
[16:34:50] [Server thread/INFO]: Max TNT Explosions: 100
[16:34:50] [Server thread/INFO]: Entity Tracking Range: Pl 48 / An 48 / Mo 48 / Mi 32 / Other 64
[16:34:50] [Server thread/INFO]: Mob Spawn Range: 4
[16:34:50] [Server thread/INFO]: Custom Map Seeds:  Village: 10387312 Feature: 14357617
[16:34:50] [Server thread/INFO]: Max Entity Collisions: 8
[16:34:50] [Server thread/INFO]: -------- World Settings For [world_the_end] --------
[16:34:50] [Server thread/INFO]: Experience Merge Radius: 3.0
[16:34:50] [Server thread/INFO]: Item Merge Radius: 2.5
[16:34:50] [Server thread/INFO]: Item Despawn Rate: 6000
[16:34:50] [Server thread/INFO]: Allow Zombie Pigmen to spawn from portal blocks: true
[16:34:50] [Server thread/INFO]: Arrow Despawn Rate: 1200
[16:34:50] [Server thread/INFO]: View Distance: 10
[16:34:50] [Server thread/INFO]: Zombie Aggressive Towards Villager: true
[16:34:50] [Server thread/INFO]: Nerfing mobs spawned from spawners: false
[16:34:50] [Server thread/INFO]: Cactus Growth Modifier: 100%
[16:34:50] [Server thread/INFO]: Cane Growth Modifier: 100%
[16:34:50] [Server thread/INFO]: Melon Growth Modifier: 100%
[16:34:50] [Server thread/INFO]: Mushroom Growth Modifier: 100%
[16:34:50] [Server thread/INFO]: Pumpkin Growth Modifier: 100%
[16:34:50] [Server thread/INFO]: Sapling Growth Modifier: 100%
[16:34:50] [Server thread/INFO]: Wheat Growth Modifier: 100%
[16:34:50] [Server thread/INFO]: NetherWart Growth Modifier: 100%
[16:34:50] [Server thread/INFO]: Entity Activation Range: An 32 / Mo 32 / Mi 16
[16:34:50] [Server thread/INFO]: Structure Info Saving: true
[16:34:50] [Server thread/INFO]: Tile Max Tick Time: 50ms Entity max Tick Time: 50ms
[16:34:50] [Server thread/INFO]: Random Lighting Updates: false
[16:34:50] [Server thread/INFO]: Hopper Transfer: 8 Hopper Check: 8 Hopper Amount: 1
[16:34:50] [Server thread/INFO]: Max TNT Explosions: 100
[16:34:50] [Server thread/INFO]: Entity Tracking Range: Pl 48 / An 48 / Mo 48 / Mi 32 / Other 64
[16:34:50] [Server thread/INFO]: Mob Spawn Range: 4
[16:34:50] [Server thread/INFO]: Custom Map Seeds:  Village: 10387312 Feature: 14357617
[16:34:50] [Server thread/INFO]: Max Entity Collisions: 8
[16:34:50] [Server thread/INFO]: Preparing start region for level 0 (Seed: -5608801278980129475)
[16:34:51] [Server thread/INFO]: Preparing start region for level 1 (Seed: -5608801278980129475)
[16:34:51] [Server thread/INFO]: Preparing start region for level 2 (Seed: -5608801278980129475)
[16:34:51] [Server thread/INFO]: [ViaVersion] Enabling ViaVersion v4.7.0
[16:34:51] [Server thread/INFO]: [Skript] Enabling Skript v2.6.4
[16:34:52] [ForkJoinPool.commonPool-worker-9/INFO]: [0;37;22m[[0;33;22mSkript[0;37;22m][m You're currently running the latest stable version of Skript.[m
[16:34:53] [Server thread/INFO]: [Skript] Loaded 15035 aliases in 1557ms[m
[16:34:53] [Server thread/INFO]: [Skript]  ~ created by & © Peter Güttinger aka Njol ~[m
[16:34:53] [Server thread/INFO]: [ViaBackwards] Enabling ViaBackwards v4.7.0
[16:34:54] [Server thread/INFO]: Done (3,539s)! For help, type "help" or "?"
[16:34:54] [Server thread/INFO]: Timings Reset
[16:34:54] [Server thread/INFO]: [ViaVersion] ViaVersion detected server version: 1.9.3/4 (110)
[16:34:54] [Server thread/WARN]: [ViaVersion] This version of Minecraft is extremely outdated and support for it has reached its end of life. You will still be able to run Via on this Minecraft version, but we are unlikely to provide any further fixes or help with problems specific to legacy Minecraft versions. Please consider updating to give your players a better experience and to avoid issues that have long been fixed.
[16:34:54] [Server thread/WARN]: [ViaVersion] You are running an outdated Java version, please consider updating it to at least Java 17 (your version is 1.8.0_361). At some point in the future, ViaVersion will no longer be compatible with this version of Java.
[16:34:54] [Server thread/INFO]: [Skript] Loading variables...[m
[16:34:54] [Server thread/INFO]: [Skript] Loaded 0 variables in 0.0 seconds[m
[16:34:54] [Server thread/INFO]: [0;32;1mArcade[0;33;1mLib [0;36;1m| [0;32;1mLoaded ArcadeLib.sk [0;37;1mVersion DEV-1.0.0a[m
[16:34:54] [Server thread/INFO]: [Skript] All scripts loaded without errors.[m
[16:34:54] [Server thread/INFO]: [Skript] Loaded 2 scripts with a total of 3 triggers and 4 commands in 0.1 seconds[m
[16:34:54] [Server thread/INFO]: [Skript] Finished loading.[m
[16:34:54] [Craft Scheduler Thread - 0/INFO]: [ViaVersion] Finished mapping loading, shutting down loader executor!
[16:34:59] [Server thread/INFO]: Stopping the server
[16:34:59] [Server thread/INFO]: Stopping server
[16:34:59] [Server thread/INFO]: [ViaRewind] Disabling ViaRewind v2.0.3
[16:34:59] [Server thread/INFO]: [ViaBackwards] Disabling ViaBackwards v4.7.0
[16:34:59] [Server thread/INFO]: [Skript] Disabling Skript v2.6.4
[16:34:59] [Server thread/INFO]: [0;32;1mArcade[0;33;1mLib [0;36;1m| [0;31;1mUnloaded ArcadeLib.sk [0;37;1mVersion DEV-1.0.0a[m
[16:34:59] [Server thread/INFO]: [ViaVersion] Disabling ViaVersion v4.7.0
[16:34:59] [Server thread/INFO]: [ViaVersion] ViaVersion is disabling, if this is a reload and you experience issues consider rebooting.
[16:34:59] [Server thread/INFO]: Saving players
[16:34:59] [Server thread/INFO]: Saving worlds
[16:34:59] [Server thread/INFO]: Saving chunks for level 'world'/Overworld
[16:34:59] [Server thread/INFO]: Saving chunks for level 'world_nether'/Nether
[16:34:59] [Server thread/INFO]: Saving chunks for level 'world_the_end'/The End
